<?xml version="1.0" encoding="UTF-8"?>
<!-- Generated by org.testng.reporters.JUnitXMLReporter -->
<testsuite ignored="3" hostname="LAPTOP-98SB48LL" failures="0" tests="1" name="Default test" time="0.038" errors="0" timestamp="2026-04-21T16:15:00 IST">
  <testcase classname="git_pack.createpack2Test" name="modifySellTest" time="0.01"/>
  <testcase classname="git_pack.createpack2Test" name="dummyTest13" time="0.0">
    <ignored/>
  </testcase> <!-- dummyTest13 -->
  <testcase classname="git_pack.createpack2Test" name="createSellTest" time="0.0">
    <ignored/>
  </testcase> <!-- createSellTest -->
  <testcase classname="git_pack.createpack2Test" name="dummyTest11" time="0.0">
    <ignored/>
  </testcase> <!-- dummyTest11 -->
</testsuite> <!-- Default test -->
