<?xml version="1.0" encoding="UTF-8"?>
<testng-results ignored="3" total="4" passed="1" failed="0" skipped="0">
  <reporter-output>
  </reporter-output>
  <suite started-at="2026-04-21T16:15:00 IST" name="Default suite" finished-at="2026-04-21T16:15:00 IST" duration-ms="38">
    <groups>
    </groups>
    <test started-at="2026-04-21T16:15:00 IST" name="Default test" finished-at="2026-04-21T16:15:00 IST" duration-ms="38">
      <class name="git_pack.createpack2Test">
        <test-method signature="modifySellTest()[pri:0, instance:git_pack.createpack2Test@53aac487]" started-at="2026-04-21T16:15:00 IST" name="modifySellTest" finished-at="2026-04-21T16:15:00 IST" duration-ms="10" status="PASS">
          <reporter-output>
          </reporter-output>
        </test-method> <!-- modifySellTest -->
      </class> <!-- git_pack.createpack2Test -->
    </test> <!-- Default test -->
  </suite> <!-- Default suite -->
</testng-results>
